<?xml version="1.0" encoding="UTF-8"?>
<!-- Generated by org.testng.reporters.JUnitReportReporter -->
<testsuite hostname="LAPTOP-34BQHEM5" failures="0" tests="2" name="pac_02.contactTest" time="0.010" errors="0" timestamp="2025-02-13T18:19:36 IST" skipped="0">
  <testcase classname="pac_02.contactTest" name="modifythecontact" time="0.002"/>
  <testcase classname="pac_02.contactTest" name="createcontact" time="0.008"/>
</testsuite> <!-- pac_02.contactTest -->
