<?xml version="1.0" encoding="UTF-8"?>
<!-- Generated by org.testng.reporters.JUnitReportReporter -->
<testsuite hostname="LAPTOP-34BQHEM5" failures="0" tests="1" name="pac_1.org" time="0.009" errors="0" timestamp="2025-02-12T14:53:45 IST" skipped="0">
  <testcase classname="pac_1.org" name="modifytheorg" time="0.009"/>
</testsuite> <!-- pac_1.org -->
